<?xml version="1.0" encoding="UTF-8"?>
<!-- Generated by org.testng.reporters.JUnitXMLReporter -->
<testsuite ignored="0" hostname="jod" failures="1" tests="16" name="Firefox Tests" time="36.315" errors="0" timestamp="2024-10-17T13:36:46 PST">
  <testcase classname="com.example.coffee_cart_app.testClasses.menuPage" name="acceptPromo" time="1.145"/>
  <testcase classname="com.example.coffee_cart_app.testClasses.menuPage" name="addAllItemsToCart" time="3.785"/>
  <testcase classname="com.example.coffee_cart_app.testClasses.menuPage" name="pickASingleItem" time="0.748"/>
  <testcase classname="com.example.coffee_cart_app.testClasses.menuPage" name="pickDifferentItems" time="2.105"/>
  <testcase classname="com.example.coffee_cart_app.testClasses.cartPage" name="addToCartThenDecreaseQuantity" time="8.846"/>
  <testcase classname="com.example.coffee_cart_app.testClasses.menuPage" name="pickMultipleOfTheSameItem" time="1.944"/>
  <testcase classname="com.example.coffee_cart_app.testClasses.menuPage" name="rejectPromo" time="1.607"/>
  <testcase classname="com.example.coffee_cart_app.testClasses.menuPage" name="testMenuPageElementsVisibility" time="1.014"/>
  <testcase classname="com.example.coffee_cart_app.testClasses.cartPage" name="addToCartThenIncreaseQuantity" time="5.807"/>
  <testcase classname="com.example.coffee_cart_app.testClasses.cartPage" name="assertCartPageElements" time="1.578"/>
  <testcase classname="com.example.coffee_cart_app.testClasses.cartPage" name="checkOutAllItemsInMenu" time="4.257"/>
  <testcase classname="com.example.coffee_cart_app.testClasses.cartPage" name="checkOutOrdersUsingCheckoutPage" time="2.567"/>
  <testcase classname="com.example.coffee_cart_app.testClasses.cartPage" name="checkOutOrdersUsingPayContainerButton" time="2.637"/>
  <testcase classname="com.example.coffee_cart_app.testClasses.cartPage" name="checkOutWithEmptyPaymentDetails" time="1.468"/>
  <testcase classname="com.example.coffee_cart_app.testClasses.cartPage" name="checkOutWithIncompletePaymentDetails" time="1.444">
    <failure type="java.lang.AssertionError" message="expected [true] but found [false]">
      <![CDATA[java.lang.AssertionError: expected [true] but found [false]
at org.testng.Assert.fail(Assert.java:111)
at org.testng.Assert.failNotEquals(Assert.java:1578)
at org.testng.Assert.assertTrue(Assert.java:57)
at org.testng.Assert.assertTrue(Assert.java:67)
at com.example.coffee_cart_app.testClasses.cartPage.checkOutWithIncompletePaymentDetails(cartPage.java:146)
at java.base/jdk.internal.reflect.DirectMethodHandleAccessor.invoke(DirectMethodHandleAccessor.java:103)
at java.base/java.lang.reflect.Method.invoke(Method.java:580)
at org.testng.internal.invokers.MethodInvocationHelper.invokeMethod(MethodInvocationHelper.java:141)
at org.testng.internal.invokers.TestInvoker.invokeMethod(TestInvoker.java:686)
at org.testng.internal.invokers.TestInvoker.invokeTestMethod(TestInvoker.java:230)
at org.testng.internal.invokers.MethodRunner.runInSequence(MethodRunner.java:63)
at org.testng.internal.invokers.TestInvoker$MethodInvocationAgent.invoke(TestInvoker.java:992)
at org.testng.internal.invokers.TestInvoker.invokeTestMethods(TestInvoker.java:203)
at org.testng.internal.invokers.TestMethodWorker.invokeTestMethods(TestMethodWorker.java:154)
at org.testng.internal.invokers.TestMethodWorker.run(TestMethodWorker.java:134)
at java.base/java.util.concurrent.Executors$RunnableAdapter.call(Executors.java:572)
at java.base/java.util.concurrent.FutureTask.run(FutureTask.java:317)
at org.testng.internal.thread.graph.TestNGFutureTask.run(TestNGFutureTask.java:22)
at java.base/java.util.concurrent.ThreadPoolExecutor.runWorker(ThreadPoolExecutor.java:1144)
at java.base/java.util.concurrent.ThreadPoolExecutor$Worker.run(ThreadPoolExecutor.java:642)
at java.base/java.lang.Thread.run(Thread.java:1570)
]]>
    </failure>
  </testcase> <!-- checkOutWithIncompletePaymentDetails -->
  <testcase classname="com.example.coffee_cart_app.testClasses.cartPage" name="checkOutWithNoItemInCart" time="0.234"/>
</testsuite> <!-- Firefox Tests -->
